Flutter crash report.
Please report a bug at https://github.com/flutter/flutter/issues.

## command

flutter run -d web-server

## exception

ArgumentError: Invalid argument(s): Uri org-dartlang-app:/web_plugin_registrant.dart must have scheme 'file:'.

```
#0      PosixStyle.pathFromUri (package:path/src/style/posix.dart:55:5)
#1      Context.fromUri (package:path/src/context.dart:1000:32)
#2      FileSystem.getPath (package:file/src/interface/file_system.dart:158:24)
#3      LocalFileSystem.file (package:file/src/backends/local/local_file_system.dart:26:54)
#4      ErrorHandlingFileSystem.file (package:flutter_tools/src/base/error_handling_io.dart:123:24)
#5      ProjectFileInvalidator.findInvalidated (package:flutter_tools/src/run_hot.dart:1449:25)
#6      ResidentWebRunner._updateDevFS (package:flutter_tools/src/isolated/resident_web_runner.dart:478:80)
#7      ResidentWebRunner.restart (package:flutter_tools/src/isolated/resident_web_runner.dart:356:43)
<asynchronous suspension>
#8      TerminalHandler._commonTerminalInputHandler (package:flutter_tools/src/resident_runner.dart:1686:40)
<asynchronous suspension>
#9      TerminalHandler.processTerminalInput (package:flutter_tools/src/resident_runner.dart:1739:7)
<asynchronous suspension>
```

## flutter doctor

```
[✓] Flutter (Channel stable, 3.3.10, on macOS 12.1 21C52 darwin-arm, locale en-US)
    • Flutter version 3.3.10 on channel stable at /Users/karanbagle/flutter
    • Upstream repository https://github.com/flutter/flutter.git
    • Framework revision 135454af32 (3 months ago), 2022-12-15 07:36:55 -0800
    • Engine revision 3316dd8728
    • Dart version 2.18.6
    • DevTools version 2.15.0

[✓] Android toolchain - develop for Android devices (Android SDK version 33.0.1)
    • Android SDK at /Users/karanbagle/Library/Android/sdk
    • Platform android-33, build-tools 33.0.1
    • Java binary at: /Applications/Android Studio.app/Contents/jre/Contents/Home/bin/java
    • Java version OpenJDK Runtime Environment (build 11.0.13+0-b1751.21-8125866)
    • All Android licenses accepted.

[!] Xcode - develop for iOS and macOS (Xcode 13.4.1)
    • Xcode at /Applications/Xcode.app/Contents/Developer
    • Build 13F100
    ✗ CocoaPods not installed.
        CocoaPods is used to retrieve the iOS and macOS platform side's plugin code that responds to your plugin usage on the Dart side.
        Without CocoaPods, plugins will not work on iOS or macOS.
        For more info, see https://flutter.dev/platform-plugins
      To install see https://guides.cocoapods.org/using/getting-started.html#installation for instructions.

[✓] Chrome - develop for the web
    • Chrome at /Applications/Google Chrome.app/Contents/MacOS/Google Chrome

[✓] Android Studio (version 2021.3)
    • Android Studio at /Applications/Android Studio.app/Contents
    • Flutter plugin can be installed from:
      🔨 https://plugins.jetbrains.com/plugin/9212-flutter
    • Dart plugin can be installed from:
      🔨 https://plugins.jetbrains.com/plugin/6351-dart
    • Java version OpenJDK Runtime Environment (build 11.0.13+0-b1751.21-8125866)

[✓] VS Code (version 1.76.0)
    • VS Code at /Applications/Visual Studio Code.app/Contents
    • Flutter extension version 3.60.0

[✓] Connected device (3 available)
    • macOS (desktop)  • macos      • darwin-arm64   • macOS 12.1 21C52 darwin-arm
    • Web Server (web) • web-server • web-javascript • Flutter Tools
    • Chrome (web)     • chrome     • web-javascript • Google Chrome 111.0.5563.64

[✓] HTTP Host Availability
    • All required HTTP hosts are available

! Doctor found issues in 1 category.
```
